c:\users\errol hassall\dropbox\uniyear3\semester1\dsp\basicio\basicio\debug\vc141.pdb
c:\users\errol hassall\dropbox\uniyear3\semester1\dsp\basicio\basicio\debug\vc141.idb
c:\users\errol hassall\dropbox\uniyear3\semester1\dsp\basicio\basicio\debug\caesar.obj
c:\users\errol hassall\dropbox\uniyear3\semester1\dsp\basicio\basicio\debug\charactercounter.obj
c:\users\errol hassall\dropbox\uniyear3\semester1\dsp\basicio\basicio\debug\main.obj
c:\users\errol hassall\dropbox\uniyear3\semester1\dsp\basicio\basicio\debug\charactercounteriterator.obj
c:\users\errol hassall\dropbox\uniyear3\semester1\dsp\basicio\basicio\debug\frequencymap.obj
c:\users\errol hassall\dropbox\uniyear3\semester1\dsp\basicio\debug\basicio.ilk
c:\users\errol hassall\dropbox\uniyear3\semester1\dsp\basicio\debug\basicio.exe
c:\users\errol hassall\dropbox\uniyear3\semester1\dsp\basicio\debug\basicio.pdb
c:\users\errol\dropbox\uniyear3\semester1\dsp\basicio\basicio\debug\caesar.obj
c:\users\errol\dropbox\uniyear3\semester1\dsp\basicio\basicio\debug\charactercounter.obj
c:\users\errol\dropbox\uniyear3\semester1\dsp\basicio\basicio\debug\charactercounteriterator.obj
c:\users\errol\dropbox\uniyear3\semester1\dsp\basicio\basicio\debug\frequencymap.obj
c:\users\errol\dropbox\uniyear3\semester1\dsp\basicio\basicio\debug\main.obj
c:\users\errol\dropbox\uniyear3\semester1\dsp\basicio\basicio\debug\vc141.idb
c:\users\errol\dropbox\uniyear3\semester1\dsp\basicio\basicio\debug\vc141.pdb
c:\users\errol\dropbox\uniyear3\semester1\dsp\basicio\debug\basicio.pdb
c:\users\errol\dropbox\uniyear3\semester1\dsp\basicio\debug\basicio.exe
c:\users\errol\dropbox\uniyear3\semester1\dsp\basicio\debug\basicio.ilk
c:\users\errol\dropbox\uniyear3\semester1\dsp\basicio\basicio\debug\basicio.tlog\cl.command.1.tlog
c:\users\errol\dropbox\uniyear3\semester1\dsp\basicio\basicio\debug\basicio.tlog\cl.read.1.tlog
c:\users\errol\dropbox\uniyear3\semester1\dsp\basicio\basicio\debug\basicio.tlog\cl.write.1.tlog
c:\users\errol\dropbox\uniyear3\semester1\dsp\basicio\basicio\debug\basicio.tlog\link.command.1.tlog
c:\users\errol\dropbox\uniyear3\semester1\dsp\basicio\basicio\debug\basicio.tlog\link.read.1.tlog
c:\users\errol\dropbox\uniyear3\semester1\dsp\basicio\basicio\debug\basicio.tlog\link.write.1.tlog
